c:\dev\smg\build-int\smg\debug\smg.pch
c:\dev\smg\build-int\smg\debug\vc143.pdb
c:\dev\smg\build-int\smg\debug\vc143.idb
c:\dev\smg\build-int\smg\debug\make_pch.obj
c:\dev\smg\build-int\smg\debug\main.obj
c:\dev\smg\build-int\smg\debug\window.obj
c:\dev\smg\build-int\smg\debug\utils.obj
c:\dev\smg\build-int\smg\debug\render.obj
c:\dev\smg\build\debug\smg.exe
c:\dev\smg\build\debug\smg.pdb
c:\dev\smg\build-int\smg\debug\smg.ilk
c:\dev\smg\build-int\smg\debug\smg.vcxproj.filelistabsolute.txt
c:\dev\smg\build-int\smg\debug\smg.tlog\cl.command.1.tlog
c:\dev\smg\build-int\smg\debug\smg.tlog\cl.items.tlog
c:\dev\smg\build-int\smg\debug\smg.tlog\cl.read.1.tlog
c:\dev\smg\build-int\smg\debug\smg.tlog\cl.write.1.tlog
c:\dev\smg\build-int\smg\debug\smg.tlog\link.command.1.tlog
c:\dev\smg\build-int\smg\debug\smg.tlog\link.read.1.tlog
c:\dev\smg\build-int\smg\debug\smg.tlog\link.secondary.1.tlog
c:\dev\smg\build-int\smg\debug\smg.tlog\link.write.1.tlog
